<?xml version="1.0" encoding="UTF-8"?>
<!-- Generated by org.testng.reporters.JUnitReportReporter -->
<testsuite hostname="Pranay" failures="0" tests="4" name="Hexaware_First_Project.Priority" time="0.013" errors="0" timestamp="2023-12-04T10:55:01 IST" skipped="0">
  <testcase classname="Hexaware_First_Project.Priority" name="Multiplication" time="0.010"/>
  <system-out/>
  <testcase classname="Hexaware_First_Project.Priority" name="odd" time="0.002"/>
  <system-out/>
  <testcase classname="Hexaware_First_Project.Priority" name="test" time="0.001"/>
  <system-out/>
  <testcase classname="Hexaware_First_Project.Priority" name="Division" time="0.000"/>
  <system-out/>
</testsuite> <!-- Hexaware_First_Project.Priority -->
