<?xml version="1.0" encoding="UTF-8"?>
<!-- Generated by org.testng.reporters.JUnitReportReporter -->
<testsuite hostname="Pranay" failures="0" tests="2" name="Hexaware_First_Project.TestNGFirstPractice" time="0.008" errors="0" timestamp="2023-12-04T10:55:15 IST" skipped="0">
  <testcase classname="Hexaware_First_Project.TestNGFirstPractice" name="test1" time="0.006"/>
  <system-out/>
  <testcase classname="Hexaware_First_Project.TestNGFirstPractice" name="test2" time="0.002"/>
  <system-out/>
</testsuite> <!-- Hexaware_First_Project.TestNGFirstPractice -->
